This timestamp 1546040172309 is error:
     crane = QC07
     number= ZGXU2371102
     number= JZPU2110962

This timestamp 1546040297789 is error:
     crane = QC07
     number= ZGXU2500621
     number= TEMU5903437

This timestamp 1546040392264 is error:
     crane = QC07
     number= ZGXU2205987
     number= FCIU4170556

This timestamp 1546040669820 is error:
     crane = QC07
     number= CICU5202628
     number= ZGLU3137909

This timestamp 1546040781146 is error:
     crane = QC07
     number= CAIU6747320
     number= TEMU3835858

This timestamp 1546040859743 is error:
     crane = QC07
     number= CAIU6837064
     number= CAIU6846087

This timestamp 1546040935017 is error:
     crane = QC07
     number= ZGXU2584052
     number= XMPU0004235

This timestamp 1546041013986 is error:
     crane = QC07
     number= ZGXU2308820
     number= TEMU1725656

This timestamp 1546041112589 is error:
     crane = QC07
     number= ZGXU2706090
     number= ZGXU2512860

This timestamp 1546041221738 is error:
     crane = QC07
     number= HJMU2063654
     number= ZGLU3046795

This timestamp 1546041338257 is error:
     crane = QC07
     number= ZGXU2137440
     number= TEMU5100414

This timestamp 1546041417121 is error:
     crane = QC07
     number= CXDU1646613
     number= ZGXU2758489

This timestamp 1546041586243 is error:
     crane = QC07
     number= TEMU1237918
     number= TEMU4687523

This timestamp 1546041664446 is error:
     crane = QC07
     number= ZGLU3013235
     number= TEMU1769422

This timestamp 1546041788067 is error:
     crane = QC07
     number= SEGU2369316
     number= SEGU1286475

This timestamp 1546041880900 is error:
     crane = QC07
     number= HJLU1274601
     number= ZGLU3097663

This timestamp 1546041959053 is error:
     crane = QC07
     number= TTNU1027540
     number= CAIU6821108

This timestamp 1546042227019 is error:
     crane = QC07
     number= ZGXU2353069
     number= ZGXU2161220

This timestamp 1546043085765 is error:
     crane = QC07
     number= 
     number= 

This timestamp 1546045514278 is error:
     crane = QC07
     number= ZGLU3108259
     number= ZGXU2463929

This timestamp 1546045604832 is error:
     crane = QC07
     number= 
     number= 

This timestamp 1546045644242 is error:
     crane = QC07
     number= ZGLU3047596
     number= ZGXU2620519

This timestamp 1546045731841 is error:
     crane = QC07
     number= 
     number= 

This timestamp 1546045775518 is error:
     crane = QC07
     number= ZGLU3062040
     number= ZGXU2673946

This timestamp 1546045898468 is error:
     crane = QC07
     number= 
     number= 

This timestamp 1546045933339 is error:
     crane = QC07
     number= ZGLU3087752
     number= TCKU1069255

This timestamp 1546046042083 is error:
     crane = QC07
     number= 
     number= 

This timestamp 1546046074311 is error:
     crane = QC07
     number= ZGLU3014611
     number= ZGXU2544358

This timestamp 1546046186550 is error:
     crane = QC07
     number= 
     number= 

This timestamp 1546046212493 is error:
     crane = QC07
     number= SEGU2036552
     number= TEMU4858842

This timestamp 1546046292490 is error:
     crane = QC07
     number= 
     number= 

This timestamp 1546046374237 is error:
     crane = QC07
     number= TEMU4960577
     number= ZGXU2498669

This timestamp 1546046436762 is error:
     crane = QC07
     number= 
     number= 

This timestamp 1546046496319 is error:
     crane = QC07
     number= ZGXU2460025
     number= RFSU2010197

This timestamp 1546046561616 is error:
     crane = QC07
     number= 
     number= 

This timestamp 1546046633549 is error:
     crane = QC07
     number= ZGXU2265570
     number= RFCU2165772

This timestamp 1546046719697 is error:
     crane = QC07
     number= 
     number= 

This timestamp 1546046761284 is error:
     crane = QC07
     number= ZGLU3093190
     number= ZGXU2524583

This timestamp 1546046855274 is error:
     crane = QC07
     number= 
     number= 

This timestamp 1546046897206 is error:
     crane = QC07
     number= JZPU2008328
     number= TEMU1420066

This timestamp 1546046966055 is error:
     crane = QC07
     number= 
     number= 

This timestamp 1546047028714 is error:
     crane = QC07
     number= TCKU1156299
     number= ZGLU3056089

This timestamp 1546047131592 is error:
     crane = QC07
     number= 
     number= 

This timestamp 1546047169235 is error:
     crane = QC07
     number= ZGLU3077353
     number= ZGLU3000372

This timestamp 1546047328656 is error:
     crane = QC07
     number= 
     number= 

This timestamp 1546047353389 is error:
     crane = QC07
     number= GCXU2066421
     number= ZGLU3012183

This timestamp 1546047519420 is error:
     crane = QC07
     number= 
     number= 

This timestamp 1546047551092 is error:
     crane = QC07
     number= ZGLU3003005
     number= ZGLU3039857

This timestamp 1546047621545 is error:
     crane = QC07
     number= 
     number= 

This timestamp 1546047687974 is error:
     crane = QC07
     number= SEGU2658371
     number= GVTU2017134

This timestamp 1546047791304 is error:
     crane = QC07
     number= 
     number= 

This timestamp 1546047832157 is error:
     crane = QC07
     number= ZGXU2473784
     number= SEGU2662900

This timestamp 1546047945019 is error:
     crane = QC07
     number= 
     number= 

This timestamp 1546047968956 is error:
     crane = QC07
     number= GESU1266279
     number= ZGXU2420634

This timestamp 1546048056696 is error:
     crane = QC07
     number= 
     number= 

This timestamp 1546048140261 is error:
     crane = QC07
     number= GCXU2091358
     number= XINU1191258

This timestamp 1546048195273 is error:
     crane = QC07
     number= 
     number= 

This timestamp 1546048314129 is error:
     crane = QC07
     number= CAIU6986052
     number= RFCU2231719

This timestamp 1546048415118 is error:
     crane = QC07
     number= 
     number= 

This timestamp 1546048455687 is error:
     crane = QC07
     number= WSDU2238826
     number= ZGXU2469104

This timestamp 1546048582771 is error:
     crane = QC07
     number= 
     number= 

This timestamp 1546048658492 is error:
     crane = QC07
     number= 
     number= 

This timestamp 1546048665558 is error:
     crane = QC07
     number= 
     number= 

This timestamp 1546048903738 is error:
     crane = QC07
     number= GCSU6040927
     number= 

This timestamp 1546048999214 is error:
     crane = QC07
     number= 
     number= 

This timestamp 1546049030577 is error:
     crane = QC07
     number= RFCU5085109
     number= 

This timestamp 1546049096575 is error:
     crane = QC07
     number= 
     number= 

This timestamp 1546049132459 is error:
     crane = QC07
     number= TLLU5377518
     number= 

This timestamp 1546049186383 is error:
     crane = QC07
     number= 
     number= 

This timestamp 1546049241402 is error:
     crane = QC07
     number= BEAU4881910
     number= 

This timestamp 1546049301325 is error:
     crane = QC07
     number= 
     number= 

This timestamp 1546049345296 is error:
     crane = QC07
     number= WSDU4968870
     number= 

This timestamp 1546049405226 is error:
     crane = QC07
     number= 
     number= 

This timestamp 1546049452631 is error:
     crane = QC07
     number= ZGXU6106494
     number= 

This timestamp 1546049505321 is error:
     crane = QC07
     number= 
     number= 

This timestamp 1546049555200 is error:
     crane = QC07
     number= TGBU5430416
     number= 

This timestamp 1546049649960 is error:
     crane = QC07
     number= 
     number= 

This timestamp 1546049673407 is error:
     crane = QC07
     number= RFCU4027941
     number= 

This timestamp 1546049743036 is error:
     crane = QC07
     number= 
     number= 

This timestamp 1546049782653 is error:
     crane = QC07
     number= CXDU2310198
     number= 

This timestamp 1546049854214 is error:
     crane = QC07
     number= 
     number= 

This timestamp 1546049889202 is error:
     crane = QC07
     number= TGHU8630596
     number= 

This timestamp 1546049971761 is error:
     crane = QC07
     number= 
     number= 

This timestamp 1546049999050 is error:
     crane = QC07
     number= TGBU5585887
     number= 

This timestamp 1546050061167 is error:
     crane = QC07
     number= 
     number= 

This timestamp 1546050100732 is error:
     crane = QC07
     number= ZGLU8039340
     number= 

This timestamp 1546050171752 is error:
     crane = QC07
     number= 
     number= 

This timestamp 1546050203188 is error:
     crane = QC07
     number= ZGLU8081680
     number= 

This timestamp 1546050278844 is error:
     crane = QC07
     number= 
     number= 

This timestamp 1546050304087 is error:
     crane = QC07
     number= TEMU7618681
     number= 

This timestamp 1546050377205 is error:
     crane = QC07
     number= 
     number= 

This timestamp 1546050435936 is error:
     crane = QC07
     number= ZGRU9003339
     number= 

This timestamp 1546050481550 is error:
     crane = QC07
     number= 
     number= 

This timestamp 1546050539864 is error:
     crane = QC07
     number= TGHU6068509
     number= 

This timestamp 1546050620718 is error:
     crane = QC07
     number= 
     number= 

This timestamp 1546050662094 is error:
     crane = QC07
     number= ZGRU9003895
     number= 

This timestamp 1546050712159 is error:
     crane = QC07
     number= 
     number= 

This timestamp 1546050828942 is error:
     crane = QC07
     number= GVCU5128711
     number= 

This timestamp 1546050895598 is error:
     crane = QC07
     number= 
     number= 

This timestamp 1546050932354 is error:
     crane = QC07
     number= TTNU8444566
     number= 

This timestamp 1546051025089 is error:
     crane = QC07
     number= 
     number= 

Analyse is ok
